#
# A fatal error has been detected by the Java Runtime Environment:
#
#  SIGSEGV (0xb) at pc=0xfffffd7fff0c2ca0, pid=21103, tid=2
#
# JRE version: Java(TM) SE Runtime Environment (8.0_60-b27) (build 1.8.0_60-b27)
# Java VM: Java HotSpot(TM) 64-Bit Server VM (25.60-b23 mixed mode solaris-amd64 compressed oops)
# Problematic frame:
# C  [libc.so.1+0x52ca0]  memcpy+0x1170
#
# Failed to write core dump. Core dumps have been disabled. To enable core dumping, try "ulimit -c unlimited" before starting Java again
#
# If you would like to submit a bug report, please visit:
#   http://bugreport.java.com/bugreport/crash.jsp
# The crash happened outside the Java Virtual Machine in native code.
# See problematic frame for where to report the bug.
#

---------------  T H R E A D  ---------------

Current thread (0x000000000041e800):  JavaThread "main" [_thread_in_native, id=2, stack(0xfffffd7ffd22f000,0xfffffd7ffd32f000)]

siginfo: si_signo: 11 (SIGSEGV), si_code: 1 (SEGV_MAPERR), si_addr: 0xfffffd7fff29c000

Registers:
RAX=0x00000000007f4f30, RBX=0x0000000000006f6f, RCX=0x00000000007f5600, RDX=0xfffffd7fff29bff0
RSP=0xfffffd7ffd32bf98, RBP=0xfffffd7ffd32bff0, RSI=0xfffffd7fff29b924, RDI=0x00000000007f4f30
R8 =0x0000000000004d30, R9 =0x0000000000000730, R10=0xfffffd7fff0c2ca0, R11=0x0000000000000004
R12=0x0000000000762e40, R13=0xfffffd7fff29b8f6, R14=0x000000000076f430, R15=0x0000000000005400
RIP=0xfffffd7fff0c2ca0, RFLAGS=0x0000000000010206

Top of Stack: (sp=0xfffffd7ffd32bf98)
0xfffffd7ffd32bf98:   fffffd7ffd163cd2 0000736c0076f430
0xfffffd7ffd32bfa8:   00000000632e7265 0000000000000015
0xfffffd7ffd32bfb8:   000000000076f500 fffffd7ffd32bfe0
0xfffffd7ffd32bfc8:   000000000076f830 000000000076f430
0xfffffd7ffd32bfd8:   000000006217df36 0000000000000015
0xfffffd7ffd32bfe8:   0000000000000000 fffffd7ffd32c050
0xfffffd7ffd32bff8:   fffffd7ffd1641c0 000000000041e800
0xfffffd7ffd32c008:   0000000100000000 fffffd7ffd32c085
0xfffffd7ffd32c018:   fffffd7ffd32c070 fffffd7fe3d297c8
0xfffffd7ffd32c028:   0000000000000015 fffffd7ffd32c070
0xfffffd7ffd32c038:   fffffd7ffd32c550 000000000076f430
0xfffffd7ffd32c048:   0000000000000001 fffffd7ffd32c4b0
0xfffffd7ffd32c058:   fffffd7ffd1560a8 000000000041e800
0xfffffd7ffd32c068:   000000000041e9f8 6f432f736c6f6f54
0xfffffd7ffd32c078:   2e7265747265766e 0000007373616c63
0xfffffd7ffd32c088:   fffffd7fe3dbb340 00000000006fce30
0xfffffd7ffd32c098:   000000000042fa00 fffffd7fe3d21630
0xfffffd7ffd32c0a8:   fffffd7ffee832a0 00000000e3d29868
0xfffffd7ffd32c0b8:   00000000e3d29888 000000000041e800
0xfffffd7ffd32c0c8:   000000000041dc20 fffffd7ffd32c230
0xfffffd7ffd32c0d8:   fffffd7fe3e327e8 fffffd7fe3d6b630
0xfffffd7ffd32c0e8:   00000000006fce30 000001d479974745
0xfffffd7ffd32c0f8:   fffffd7fff146e7a 00000000e3d297c8
0xfffffd7ffd32c108:   fffffd7f80060ca8 0000000000000007
0xfffffd7ffd32c118:   fffffd7fe3d6bfe8 00000000e3d29848
0xfffffd7ffd32c128:   fffffd7ffeecffb8 fffffd7f80060ca8
0xfffffd7ffd32c138:   00000000e3dbb340 fffffd7fe3e327c8
0xfffffd7ffd32c148:   fffffd7fe3dbb058 00000000e3d6b690
0xfffffd7ffd32c158:   fffffd7fff1b1c40 fffffd7fe3d297a8
0xfffffd7ffd32c168:   000000000054cdf8 fffffd7ffd32c1a0
0xfffffd7ffd32c178:   fffffd7fe3d6a7c0 00000000e3d21630
0xfffffd7ffd32c188:   000000000078c010 00000000006eb870 

Instructions: (pc=0xfffffd7fff0c2ca0)
0xfffffd7fff0c2c80:   66 0f 6f 42 10 49 83 e8 10 48 8d 52 10 66 0f 3a
0xfffffd7fff0c2c90:   0f c2 03 66 0f 7f 01 48 8d 49 10 e9 00 fe ff ff
0xfffffd7fff0c2ca0:   66 0f 6f 5a 10 49 83 e8 30 66 0f 6f 42 20 66 0f
0xfffffd7fff0c2cb0:   6f 6a 30 48 8d 52 30 49 83 f8 30 66 0f 6f d3 66 

Register to memory mapping:

RAX=0x00000000007f4f30 is an unknown value
RBX=0x0000000000006f6f is an unknown value
RCX=0x00000000007f5600 is an unknown value
RDX=0xfffffd7fff29bff0 is an unknown value
RSP=0xfffffd7ffd32bf98 is pointing into the stack for thread: 0x000000000041e800
RBP=0xfffffd7ffd32bff0 is pointing into the stack for thread: 0x000000000041e800
RSI=0xfffffd7fff29b924 is an unknown value
RDI=0x00000000007f4f30 is an unknown value
R8 =0x0000000000004d30 is an unknown value
R9 =0x0000000000000730 is an unknown value
R10=0xfffffd7fff0c2ca0: memcpy+0x1170 in /lib/amd64/libc.so.1 at 0xfffffd7fff070000
R11=0x0000000000000004 is an unknown value
R12=0x0000000000762e40 is an unknown value
R13=0xfffffd7fff29b8f6 is an unknown value
R14=0x000000000076f430 is an unknown value
R15=0x0000000000005400 is an unknown value


Stack: [0xfffffd7ffd22f000,0xfffffd7ffd32f000],  sp=0xfffffd7ffd32bf98,  free space=1011k
Native frames: (J=compiled Java code, j=interpreted, Vv=VM code, C=native code)
C  [libc.so.1+0x52ca0]  memcpy+0x1170
C  [libzip.so+0x141c0]  ZIP_GetEntry2+0xc0
C  [libzip.so+0x60a8]  Java_java_util_zip_ZipFile_getEntry+0x94
j  java.util.zip.ZipFile.getEntry(J[BZ)J+0
j  java.util.zip.ZipFile.getEntry(Ljava/lang/String;)Ljava/util/zip/ZipEntry;+38
j  java.util.jar.JarFile.getEntry(Ljava/lang/String;)Ljava/util/zip/ZipEntry;+2
j  java.util.jar.JarFile.getJarEntry(Ljava/lang/String;)Ljava/util/jar/JarEntry;+2
j  sun.misc.URLClassPath$JarLoader.getResource(Ljava/lang/String;Z)Lsun/misc/Resource;+42
j  sun.misc.URLClassPath.getResource(Ljava/lang/String;Z)Lsun/misc/Resource;+62
j  java.net.URLClassLoader$1.run()Ljava/lang/Class;+26
j  java.net.URLClassLoader$1.run()Ljava/lang/Object;+1
v  ~StubRoutines::call_stub
V  [libjvm.so+0xcd23c6]  void JavaCalls::call_helper(JavaValue*,methodHandle*,JavaCallArguments*,Thread*)+0xa26
V  [libjvm.so+0xcd1995]  void JavaCalls::call(JavaValue*,methodHandle,JavaCallArguments*,Thread*)+0x25
V  [libjvm.so+0xe393a3]  JVM_DoPrivileged+0xd17
C  [libjava.so+0x107ff]  Java_java_security_AccessController_doPrivileged__Ljava_security_PrivilegedExceptionAction_2Ljava_security_AccessControlContext_2+0xf
j  java.security.AccessController.doPrivileged(Ljava/security/PrivilegedExceptionAction;Ljava/security/AccessControlContext;)Ljava/lang/Object;+0
j  java.net.URLClassLoader.findClass(Ljava/lang/String;)Ljava/lang/Class;+13
j  java.lang.ClassLoader.loadClass(Ljava/lang/String;Z)Ljava/lang/Class;+70
j  sun.misc.Launcher$AppClassLoader.loadClass(Ljava/lang/String;Z)Ljava/lang/Class;+81
j  java.lang.ClassLoader.loadClass(Ljava/lang/String;)Ljava/lang/Class;+3
v  ~StubRoutines::call_stub
V  [libjvm.so+0xcd23c6]  void JavaCalls::call_helper(JavaValue*,methodHandle*,JavaCallArguments*,Thread*)+0xa26
V  [libjvm.so+0xccec27]  void JavaCalls::call_virtual(JavaValue*,KlassHandle,Symbol*,Symbol*,JavaCallArguments*,Thread*)+0x45b
V  [libjvm.so+0xccf096]  void JavaCalls::call_virtual(JavaValue*,Handle,KlassHandle,Symbol*,Symbol*,Handle,Thread*)+0x7a
V  [libjvm.so+0x139bb5f]  instanceKlassHandle SystemDictionary::load_instance_class(Symbol*,Handle,Thread*)+0x9e3
V  [libjvm.so+0x1398d2f]  Klass*SystemDictionary::resolve_instance_class_or_null(Symbol*,Handle,Handle,Thread*)+0x847
V  [libjvm.so+0x1396189]  Klass*SystemDictionary::resolve_or_fail(Symbol*,Handle,Handle,bool,Thread*)+0x1b9
V  [libjvm.so+0xa12cb0]  Klass*ConstantPool::klass_at_impl(constantPoolHandle,int,Thread*)+0x41c
V  [libjvm.so+0xa15233]  Klass*ConstantPool::klass_ref_at(int,Thread*)+0x277
V  [libjvm.so+0xff3630]  void LinkResolver::resolve_invokestatic(CallInfo&,constantPoolHandle,int,Thread*)+0x294
V  [libjvm.so+0xff2cd1]  void LinkResolver::resolve_invoke(CallInfo&,Handle,constantPoolHandle,int,Bytecodes::Code,Thread*)+0x399
V  [libjvm.so+0xcbf4fd]  void InterpreterRuntime::resolve_invoke(JavaThread*,Bytecodes::Code)+0xdc1
j  Main.main([Ljava/lang/String;)V+1298
v  ~StubRoutines::call_stub
V  [libjvm.so+0xcd23c6]  void JavaCalls::call_helper(JavaValue*,methodHandle*,JavaCallArguments*,Thread*)+0xa26
V  [libjvm.so+0xcd1995]  void JavaCalls::call(JavaValue*,methodHandle,JavaCallArguments*,Thread*)+0x25
V  [libjvm.so+0xd75908]  jni_CallStaticVoidMethod+0x8c0
C  [libjli.so+0xa8c5]  JavaMain+0x669
C  [libc.so.1+0xddbab]  _thr_setup+0x5b
C  [libc.so.1+0xddde0]  _lwp_start+0x0
C  0x0000000000000000

Java frames: (J=compiled Java code, j=interpreted, Vv=VM code)
j  java.util.zip.ZipFile.getEntry(J[BZ)J+0
j  java.util.zip.ZipFile.getEntry(Ljava/lang/String;)Ljava/util/zip/ZipEntry;+38
j  java.util.jar.JarFile.getEntry(Ljava/lang/String;)Ljava/util/zip/ZipEntry;+2
j  java.util.jar.JarFile.getJarEntry(Ljava/lang/String;)Ljava/util/jar/JarEntry;+2
j  sun.misc.URLClassPath$JarLoader.getResource(Ljava/lang/String;Z)Lsun/misc/Resource;+42
j  sun.misc.URLClassPath.getResource(Ljava/lang/String;Z)Lsun/misc/Resource;+62
j  java.net.URLClassLoader$1.run()Ljava/lang/Class;+26
j  java.net.URLClassLoader$1.run()Ljava/lang/Object;+1
v  ~StubRoutines::call_stub
j  java.security.AccessController.doPrivileged(Ljava/security/PrivilegedExceptionAction;Ljava/security/AccessControlContext;)Ljava/lang/Object;+0
j  java.net.URLClassLoader.findClass(Ljava/lang/String;)Ljava/lang/Class;+13
j  java.lang.ClassLoader.loadClass(Ljava/lang/String;Z)Ljava/lang/Class;+70
j  sun.misc.Launcher$AppClassLoader.loadClass(Ljava/lang/String;Z)Ljava/lang/Class;+81
j  java.lang.ClassLoader.loadClass(Ljava/lang/String;)Ljava/lang/Class;+3
v  ~StubRoutines::call_stub
j  Main.main([Ljava/lang/String;)V+1298
v  ~StubRoutines::call_stub

---------------  P R O C E S S  ---------------

Java Threads: ( => current thread )
  0x00000000006f8000 JavaThread "Service Thread" daemon [_thread_blocked, id=32, stack(0xfffffd7fdfff2000,0xfffffd7fe00f2000)]
  0x00000000006e8800 JavaThread "C1 CompilerThread11" daemon [_thread_blocked, id=31, stack(0xfffffd7fe00f3000,0xfffffd7fe01f3000)]
  0x00000000006d6000 JavaThread "C1 CompilerThread10" daemon [_thread_blocked, id=30, stack(0xfffffd7fe01f4000,0xfffffd7fe02f4000)]
  0x00000000006c3000 JavaThread "C1 CompilerThread9" daemon [_thread_blocked, id=29, stack(0xfffffd7fe02f5000,0xfffffd7fe03f5000)]
  0x00000000006c1800 JavaThread "C1 CompilerThread8" daemon [_thread_blocked, id=28, stack(0xfffffd7fe03f6000,0xfffffd7fe04f6000)]
  0x00000000006af800 JavaThread "C2 CompilerThread7" daemon [_thread_blocked, id=27, stack(0xfffffd7fe04f7000,0xfffffd7fe05f7000)]
  0x000000000069d800 JavaThread "C2 CompilerThread6" daemon [_thread_blocked, id=26, stack(0xfffffd7fe05f8000,0xfffffd7fe06f8000)]
  0x0000000000691000 JavaThread "C2 CompilerThread5" daemon [_thread_blocked, id=25, stack(0xfffffd7fe06f9000,0xfffffd7fe07f9000)]
  0x000000000065e800 JavaThread "C2 CompilerThread4" daemon [_thread_blocked, id=24, stack(0xfffffd7fe07fa000,0xfffffd7fe08fa000)]
  0x0000000000653800 JavaThread "C2 CompilerThread3" daemon [_thread_blocked, id=23, stack(0xfffffd7fe08fb000,0xfffffd7fe09fb000)]
  0x0000000000631000 JavaThread "C2 CompilerThread2" daemon [_thread_blocked, id=22, stack(0xfffffd7fe09fc000,0xfffffd7fe0afc000)]
  0x000000000062f000 JavaThread "C2 CompilerThread1" daemon [_thread_blocked, id=21, stack(0xfffffd7fe0afd000,0xfffffd7fe0bfd000)]
  0x000000000062a000 JavaThread "C2 CompilerThread0" daemon [_thread_blocked, id=20, stack(0xfffffd7fe0bfe000,0xfffffd7fe0cfe000)]
  0x0000000000628800 JavaThread "Signal Dispatcher" daemon [_thread_blocked, id=19, stack(0xfffffd7fe0cff000,0xfffffd7fe0dff000)]
  0x00000000005eb800 JavaThread "Finalizer" daemon [_thread_blocked, id=18, stack(0xfffffd7fe0fd4000,0xfffffd7fe10d4000)]
  0x00000000005e4000 JavaThread "Reference Handler" daemon [_thread_blocked, id=17, stack(0xfffffd7fe10d5000,0xfffffd7fe11d5000)]
=>0x000000000041e800 JavaThread "main" [_thread_in_native, id=2, stack(0xfffffd7ffd22f000,0xfffffd7ffd32f000)]

Other Threads:
  0x00000000005df000 VMThread [stack: 0xfffffd7fe11d6000,0xfffffd7fe12d6000] [id=16]
  0x00000000006fa800 WatcherThread [stack: 0xfffffd7fdfef1000,0xfffffd7fdfff1000] [id=33]

VM state:not at safepoint (normal execution)

VM Mutex/Monitor currently owned by a thread: None

Heap:
 PSYoungGen      total 38912K, used 5318K [0xfffffd7feb000000, 0xfffffd7feda00000, 0xfffffd7feda00000)
  eden space 34816K, 15% used [0xfffffd7feb000000,0xfffffd7feb531bc0,0xfffffd7fed200000)
  from space 4096K, 0% used [0xfffffd7fed600000,0xfffffd7fed600000,0xfffffd7feda00000)
  to   space 4096K, 0% used [0xfffffd7fed200000,0xfffffd7fed200000,0xfffffd7fed600000)
 ParOldGen       total 88064K, used 0K [0xfffffd7fe5a00000, 0xfffffd7feb000000, 0xfffffd7feb000000)
  object space 88064K, 0% used [0xfffffd7fe5a00000,0xfffffd7fe5a00000,0xfffffd7feb000000)
 Metaspace       used 3418K, capacity 4574K, committed 4864K, reserved 1056768K
  class space    used 387K, capacity 390K, committed 512K, reserved 1048576K

Card table byte_map: [0xfffffd7ffd10e000,0xfffffd7ffd14f000] byte_map_base: 0xff7ffd813d1e1000

Marking Bits: (ParMarkBitMap*) 0xfffffd7ffeea9090
 Begin Bits: [0xfffffd7fe4600000, 0xfffffd7fe4800000)
 End Bits:   [0xfffffd7fe4800000, 0xfffffd7fe4a00000)

Polling page: 0xfffffd7ffd3a0000

CodeCache: size=245760Kb used=2888Kb max_used=2888Kb free=242871Kb
 bounds [0xfffffd7fee000000, 0xfffffd7fee400000, 0xfffffd7ffd000000]
 total_blobs=317 nmethods=73 adapters=155
 compilation: enabled

Compilation events (10 events):
Event: 0,154 Thread 0x00000000006e8800 nmethod 68 0xfffffd7fee2cff50 code [0xfffffd7fee2d00a0, 0xfffffd7fee2d0230]
Event: 0,154 Thread 0x00000000006c1800 nmethod 69 0xfffffd7fee2d02d0 code [0xfffffd7fee2d0440, 0xfffffd7fee2d0690]
Event: 0,154 Thread 0x00000000006d6000   70       1       java.net.URL::getPath (5 bytes)
Event: 0,154 Thread 0x00000000006d6000 nmethod 70 0xfffffd7fee2d0750 code [0xfffffd7fee2d08a0, 0xfffffd7fee2d09d0]
Event: 0,155 Thread 0x00000000006c3000   71       3       java.lang.AbstractStringBuilder::<init> (12 bytes)
Event: 0,156 Thread 0x00000000006c3000 nmethod 71 0xfffffd7fee2d16d0 code [0xfffffd7fee2d1840, 0xfffffd7fee2d1ad0]
Event: 0,156 Thread 0x00000000006e8800   72       1       java.net.URL::getAuthority (5 bytes)
Event: 0,156 Thread 0x00000000006e8800 nmethod 72 0xfffffd7fee2d1b90 code [0xfffffd7fee2d1ce0, 0xfffffd7fee2d1e10]
Event: 110,487 Thread 0x00000000006c3000   73       1       java.nio.Buffer::position (5 bytes)
Event: 110,488 Thread 0x00000000006c3000 nmethod 73 0xfffffd7fee2d1e50 code [0xfffffd7fee2d1fa0, 0xfffffd7fee2d20d0]

GC Heap History (0 events):
No events

Deoptimization events (0 events):
No events

Internal exceptions (7 events):
Event: 0,061 Thread 0x000000000041e800 Exception <a 'java/lang/NoSuchMethodError': Method sun.misc.Unsafe.defineClass(Ljava/lang/String;[BII)Ljava/lang/Class; name or signature does not match> (0xfffffd7feb012b78) thrown at [/HUDSON/java_re/workspace/8-2-build-solaris-amd64/jdk8u60/4407/hotspo
Event: 0,061 Thread 0x000000000041e800 Exception <a 'java/lang/NoSuchMethodError': Method sun.misc.Unsafe.prefetchRead(Ljava/lang/Object;J)V name or signature does not match> (0xfffffd7feb012e60) thrown at [/HUDSON/java_re/workspace/8-2-build-solaris-amd64/jdk8u60/4407/hotspot/src/share/vm/pri
Event: 0,143 Thread 0x000000000041e800 Exception <a 'java/security/PrivilegedActionException'> (0xfffffd7feb415570) thrown at [/HUDSON/java_re/workspace/8-2-build-solaris-amd64/jdk8u60/4407/hotspot/src/share/vm/prims/jvm.cpp, line 1386]
Event: 0,143 Thread 0x000000000041e800 Exception <a 'java/security/PrivilegedActionException'> (0xfffffd7feb415968) thrown at [/HUDSON/java_re/workspace/8-2-build-solaris-amd64/jdk8u60/4407/hotspot/src/share/vm/prims/jvm.cpp, line 1386]
Event: 0,144 Thread 0x000000000041e800 Exception <a 'java/security/PrivilegedActionException'> (0xfffffd7feb418120) thrown at [/HUDSON/java_re/workspace/8-2-build-solaris-amd64/jdk8u60/4407/hotspot/src/share/vm/prims/jvm.cpp, line 1386]
Event: 0,144 Thread 0x000000000041e800 Exception <a 'java/security/PrivilegedActionException'> (0xfffffd7feb418518) thrown at [/HUDSON/java_re/workspace/8-2-build-solaris-amd64/jdk8u60/4407/hotspot/src/share/vm/prims/jvm.cpp, line 1386]
Event: 0,156 Thread 0x000000000041e800 Exception <a 'java/lang/ArrayIndexOutOfBoundsException': 0> (0xfffffd7feb43da20) thrown at [/HUDSON/java_re/workspace/8-2-build-solaris-amd64/jdk8u60/4407/hotspot/src/share/vm/interpreter/interpreterRuntime.cpp, line 366]

Events (10 events):
Event: 0,157 loading class java/util/regex/Pattern$SliceI
Event: 0,157 loading class java/util/regex/Pattern$SliceI done
Event: 0,157 loading class java/util/regex/Pattern$BranchConn
Event: 0,157 loading class java/util/regex/Pattern$BranchConn done
Event: 0,157 loading class java/util/regex/Pattern$Branch
Event: 0,157 loading class java/util/regex/Pattern$Branch done
Event: 4,137 Executing VM operation: EnableBiasedLocking
Event: 4,137 Executing VM operation: EnableBiasedLocking done
Event: 110,487 loading class Tools/Converter
Event: 110,487 loading class Tools/Converter done


Dynamic libraries:
0x0000000000400000 	/usr/jdk/instances/jdk1.8.0_60/bin/java
0xfffffd7fff210000 	/usr/jdk/instances/jdk1.8.0_60/bin/../lib/amd64/jli/libjli.so
0xfffffd7fff200000 	/lib/64/libthread.so.1
0xfffffd7fff1c0000 	/lib/64/libdl.so.1
0xfffffd7fff070000 	/lib/64/libc.so.1
0xfffffd7ffd600000 	/usr/jdk/instances/jdk1.8.0_60/jre/lib/amd64/server/libjvm.so
0xfffffd7ffefd0000 	/lib/64/libsocket.so.1
0xfffffd7fff000000 	/usr/lib/64/libsched.so.1
0xfffffd7ffefa0000 	/lib/64/libm.so.1
0xfffffd7ffef70000 	/usr/lib/64/libCrun.so.1
0xfffffd7ffef50000 	/lib/64/libdoor.so.1
0xfffffd7ffd5c0000 	/usr/lib/64/libdemangle.so.1
0xfffffd7ffd5a0000 	/lib/64/libkstat.so.1
0xfffffd7ffd4d0000 	/lib/64/libnsl.so.1
0xfffffd7ffd450000 	/lib/64/libm.so.2
0xfffffd7ffd420000 	/lib/64/libmp.so.2
0xfffffd7ffd400000 	/lib/64/libmd.so.1
0xfffffd7ffd3d0000 	/lib/64/libscf.so.1
0xfffffd7ffd3b0000 	/lib/64/libuutil.so.1
0xfffffd7ffd390000 	/lib/64/libgen.so.1
0xfffffd7ffd200000 	/usr/jdk/instances/jdk1.8.0_60/jre/lib/amd64/libverify.so
0xfffffd7ffd1b0000 	/usr/jdk/instances/jdk1.8.0_60/jre/lib/amd64/libjava.so
0xfffffd7ffd150000 	/usr/jdk/instances/jdk1.8.0_60/jre/lib/amd64/libzip.so
0xfffffd7fe0e00000 	/usr/lib/locale/ru_RU.UTF-8/amd64/ru_RU.UTF-8.so.3
0xfffffd7fe4490000 	/usr/lib/locale/common/amd64/methods_unicode.so.3

VM Arguments:
jvm_args: -Xmx128M -Xms128M 
java_command: Lab5.jar
java_class_path (initial): Lab5.jar
Launcher Type: SUN_STANDARD

Environment Variables:
PATH=/export/labs/eTester:/export/labs/lcheck:/opt/glassfish3/bin:/usr/postgres/9.6-pgdg/bin/64:/usr/bin:/sbin:/usr/sbin:/usr/ccs/bin:/usr/ucb:/usr/openwin/bin:/usr/dt/bin:/usr/sfw/bin:/opt/sfw/bin:/usr/local/bin:/opt/csw/bin:/opt/SUNWut/bin:/opt/oracle/product/11.2.0/dbhome_1/bin:/opt/oracle/product/11.2.0/dbhome_1/sqldeveloper/sqldeveloper/bin
SHELL=/usr/bin/ksh

Signal Handlers:
SIGSEGV: [libjvm.so+0x14c95d0], sa_mask[0]=11111111011111111111110111111111, sa_flags=SA_RESTART|SA_SIGINFO
SIGBUS: [libjvm.so+0x14c95d0], sa_mask[0]=11111111011111111111110111111111, sa_flags=SA_RESTART|SA_SIGINFO
SIGFPE: [libjvm.so+0x11ea748], sa_mask[0]=11111111011111111111110111111111, sa_flags=SA_RESTART|SA_SIGINFO
SIGPIPE: [libjvm.so+0x11ea748], sa_mask[0]=11111111011111111111110111111111, sa_flags=SA_RESTART|SA_SIGINFO
SIGXFSZ: [libjvm.so+0x11ea748], sa_mask[0]=11111111011111111111110111111111, sa_flags=SA_RESTART|SA_SIGINFO
SIGILL: [libjvm.so+0x11ea748], sa_mask[0]=11111111011111111111110111111111, sa_flags=SA_RESTART|SA_SIGINFO
SIGUSR1: SIG_DFL, sa_mask[0]=00000000000000000000000000000000, sa_flags=none
SIGUSR2: SIG_DFL, sa_mask[0]=00000000000000000000000000000000, sa_flags=none
SIGQUIT: [libjvm.so+0x11e3da8], sa_mask[0]=11111111011111111111110111111111, sa_flags=SA_RESTART
SIGHUP: [libjvm.so+0x11e3da8], sa_mask[0]=11111111011111111111110111111111, sa_flags=SA_RESTART
SIGINT: [libjvm.so+0x11e3da8], sa_mask[0]=11111111011111111111110111111111, sa_flags=SA_RESTART
SIGTERM: [libjvm.so+0x11e3da8], sa_mask[0]=11111111011111111111110111111111, sa_flags=SA_RESTART
SIG39: [libjvm.so+0x11ea790], sa_mask[0]=00000000000000000000000000000000, sa_flags=SA_SIGINFO
SIG40: [libjvm.so+0x11ea748], sa_mask[0]=11111111011111111111110111111111, sa_flags=SA_RESTART|SA_SIGINFO


---------------  S Y S T E M  ---------------

OS:                    Oracle Solaris 10 8/11 s10x_u10wos_17b X86
  Copyright (c) 1983, 2011, Oracle and/or its affiliates. All rights reserved.
                            Assembled 23 August 2011

uname:SunOS 5.10 Generic_150401-59 i86pc
  (T2 libthread)
rlimit: STACK 10240k, CORE 0k, NOFILE 65536, AS 4194304k
load average:1,29 1,35 1,36

CPU:total 16 (4 cores per cpu, 2 threads per core) family 6 model 45 stepping 7, cmov, cx8, fxsr, mmx, sse, sse2, sse3, ssse3, sse4.1, sse4.2, popcnt, avx, aes, clmul, ht, tsc, tscinvbit, tscinv

Memory: 4k page, physical 134189052k(4059204k free)

vm_info: Java HotSpot(TM) 64-Bit Server VM (25.60-b23) for solaris-amd64 JRE (1.8.0_60-b27), built on Aug  4 2015 17:52:33 by "java_re" with Sun Studio 12u1

time: Fri Mar  6 13:02:23 2020
elapsed time: 110 seconds (0d 0h 1m 50s)

